xinyusoftHqDemo/build/outputs/logs/manifest-merger-debug-report.txt
-- Merging decision tree log ---
manifest
ADDED from src\main\AndroidManifest.xml:2:1-48:12
	package
		ADDED from src\main\AndroidManifest.xml:3:5-44
		INJECTED from src\main\AndroidManifest.xml
		INJECTED from src\main\AndroidManifest.xml
	android:versionName
		ADDED from src\main\AndroidManifest.xml:5:5-30
		INJECTED from src\main\AndroidManifest.xml
		INJECTED from src\main\AndroidManifest.xml
	android:versionCode
		ADDED from src\main\AndroidManifest.xml:4:5-28
		INJECTED from src\main\AndroidManifest.xml
		INJECTED from src\main\AndroidManifest.xml
	xmlns:android
		ADDED from src\main\AndroidManifest.xml:2:11-69
uses-sdk
ADDED from src\main\AndroidManifest.xml:7:5-9:41
MERGED from [xinyusoftHqDemo:xinyusoftHqLib:unspecified] AndroidManifest.xml:7:5-9:41
	android:targetSdkVersion
		ADDED from src\main\AndroidManifest.xml:9:9-38
		INJECTED from src\main\AndroidManifest.xml
		INJECTED from src\main\AndroidManifest.xml
	android:minSdkVersion
		ADDED from src\main\AndroidManifest.xml:8:9-35
		INJECTED from src\main\AndroidManifest.xml
		INJECTED from src\main\AndroidManifest.xml
application
ADDED from src\main\AndroidManifest.xml:11:5-46:19
MERGED from [xinyusoftHqDemo:xinyusoftHqLib:unspecified] AndroidManifest.xml:11:5-31:19
	android:label
		ADDED from src\main\AndroidManifest.xml:14:9-41
	android:allowBackup
		ADDED from src\main\AndroidManifest.xml:12:9-35
	android:icon
		ADDED from src\main\AndroidManifest.xml:13:9-45
	android:theme
		ADDED from src\main\AndroidManifest.xml:15:9-68
activity#com.xinyusoft.xinyusofthqdemo.MainActivity
ADDED from src\main\AndroidManifest.xml:16:9-24:20
	android:label
		ADDED from src\main\AndroidManifest.xml:18:13-45
	android:name
		ADDED from src\main\AndroidManifest.xml:17:13-41
intent-filter#android.intent.action.MAIN+android.intent.category.LAUNCHER
ADDED from src\main\AndroidManifest.xml:19:13-23:29
action#android.intent.action.MAIN
ADDED from src\main\AndroidManifest.xml:20:17-69
	android:name
		ADDED from src\main\AndroidManifest.xml:20:25-66
category#android.intent.category.LAUNCHER
ADDED from src\main\AndroidManifest.xml:22:17-77
	android:name
		ADDED from src\main\AndroidManifest.xml:22:27-74
activity#com.xinyusoft.xinyusofthqlib.MainActivity
ADDED from src\main\AndroidManifest.xml:26:9-87
MERGED from [xinyusoftHqDemo:xinyusoftHqLib:unspecified] AndroidManifest.xml:12:9-13:20
	android:name
		ADDED from src\main\AndroidManifest.xml:26:19-75
activity#com.xinyusoft.xinyusofthqlib.ui.select.ChicangActivity
ADDED from src\main\AndroidManifest.xml:28:9-31:20
MERGED from [xinyusoftHqDemo:xinyusoftHqLib:unspecified] AndroidManifest.xml:14:9-17:20
	android:label
		ADDED from [xinyusoftHqDemo:xinyusoftHqLib:unspecified] AndroidManifest.xml:16:13-58
	android:name
		ADDED from src\main\AndroidManifest.xml:29:13-82
activity#com.xinyusoft.xinyusofthqlib.ui.select.ChengjiaoActivity
ADDED from src\main\AndroidManifest.xml:32:9-35:20
MERGED from [xinyusoftHqDemo:xinyusoftHqLib:unspecified] AndroidManifest.xml:18:9-21:20
	android:label
		ADDED from [xinyusoftHqDemo:xinyusoftHqLib:unspecified] AndroidManifest.xml:20:13-61
	android:name
		ADDED from src\main\AndroidManifest.xml:33:13-84
activity#com.xinyusoft.xinyusofthqlib.ui.select.HistoryActivity
ADDED from src\main\AndroidManifest.xml:36:9-39:20
MERGED from [xinyusoftHqDemo:xinyusoftHqLib:unspecified] AndroidManifest.xml:22:9-25:20
	android:label
		ADDED from [xinyusoftHqDemo:xinyusoftHqLib:unspecified] AndroidManifest.xml:24:13-59
	android:name
		ADDED from src\main\AndroidManifest.xml:37:13-82
activity#com.xinyusoft.xinyusofthqlib.ui.trade.TradeBuyOrSellActivity
ADDED from src\main\AndroidManifest.xml:40:9-106
	android:name
		ADDED from src\main\AndroidManifest.xml:40:19-94
activity#com.xinyusoft.xinyusofthqlib.ui.trade.TradeChedanActivity
ADDED from src\main\AndroidManifest.xml:41:10-95
MERGED from [xinyusoftHqDemo:xinyusoftHqLib:unspecified] AndroidManifest.xml:26:9-94
	android:name
		ADDED from src\main\AndroidManifest.xml:41:20-92
activity#com.xinyusoft.xinyusofthqlib.ui.trade.TradeCancelYumaiActivity
ADDED from src\main\AndroidManifest.xml:42:9-99
MERGED from [xinyusoftHqDemo:xinyusoftHqLib:unspecified] AndroidManifest.xml:27:9-99
	android:name
		ADDED from src\main\AndroidManifest.xml:42:19-96
activity#com.xinyusoft.xinyusofthqlib.ui.trade.TradeJiancangActivity
ADDED from src\main\AndroidManifest.xml:43:9-96
MERGED from [xinyusoftHqDemo:xinyusoftHqLib:unspecified] AndroidManifest.xml:28:9-96
	android:name
		ADDED from src\main\AndroidManifest.xml:43:19-93
activity#com.xinyusoft.xinyusofthqlib.ui.trade.TradeQingcangActivity
ADDED from src\main\AndroidManifest.xml:44:9-96
MERGED from [xinyusoftHqDemo:xinyusoftHqLib:unspecified] AndroidManifest.xml:29:9-96
	android:name
		ADDED from src\main\AndroidManifest.xml:44:19-93
activity#com.xinyusoft.xinyusofthqlib.ui.trade.TradeYinlianActivity
ADDED from src\main\AndroidManifest.xml:45:9-95
MERGED from [xinyusoftHqDemo:xinyusoftHqLib:unspecified] AndroidManifest.xml:30:9-95
	android:name
		ADDED from src\main\AndroidManifest.xml:45:19-92